2021-12-03 19:52:37 - WARNING - "GET /todos HTTP/1.1" 404 1536
2021-12-03 19:52:37 - INFO - "GET /blog HTTP/1.1" 200 463
2021-12-03 19:53:56 - ERROR - ContainerError in 0 on line 0
2021-12-03 19:54:04 - ERROR - ContainerError in 0 on line 0
2021-12-03 19:55:36 - INFO - "GET /blog/1 HTTP/1.1" 200 2
2021-12-03 19:56:32 - ERROR - ResponseError in 0 on line 0
2021-12-03 19:56:51 - ERROR - ResponseError in 0 on line 0
2021-12-03 19:57:52 - ERROR - ResponseError in 0 on line 0
2021-12-03 19:57:55 - ERROR - ResponseError in 0 on line 0
2021-12-03 19:58:31 - INFO - "GET /blog/1 HTTP/1.1" 200 156
2021-12-03 20:02:52 - ERROR - InvalidCSRFToken in 0 on line 0
2021-12-03 20:02:52 - ERROR - "POST /blog HTTP/1.1" 500 965612
2021-12-03 20:04:04 - ERROR - InvalidCSRFToken in 0 on line 0
2021-12-03 20:04:04 - ERROR - "POST /blog HTTP/1.1" 500 965310
2021-12-03 20:05:01 - ERROR - SyntaxError in 0 on line 0
2021-12-03 20:05:01 - ERROR - "POST /blog HTTP/1.1" 500 1037625
2021-12-03 20:05:20 - INFO - "POST /blog HTTP/1.1" 200 131
2021-12-03 20:18:07 - INFO - "PUT /blog/4 HTTP/1.1" 200 128
2021-12-03 20:18:07 - INFO - "GET /blog HTTP/1.1" 200 591
2021-12-03 20:18:07 - INFO - "DELETE /blog/4 HTTP/1.1" 200 128
